<?xml version="1.0" encoding="UTF-8"?>
<!-- Generated by org.testng.reporters.JUnitReportReporter -->
<testsuite hostname="DESKTOP-AcerAspire7" failures="0" tests="2" name="Test.TestHome" time="23.770" errors="0" timestamp="2022-12-13T17:20:16 IST" skipped="1">
  <testcase classname="Test.TestHome" name="Verify" time="23.770"/>
  <system-out/>
  <testcase classname="Test.TestHome" name="getText">
    <skipped/>
  </testcase> <!-- getText -->
  <system-out/>
</testsuite> <!-- Test.TestHome -->
